<?xml version="1.0" encoding="UTF-8"?>
<robot generator="Robot 5.0 (Python 3.9.1 on win32)" generated="20230102 18:40:19.289" rpa="false" schemaversion="3">
<suite id="s1" name="API" source="C:\Users\Ulaganathan.M\PycharmProjects\pythonProject\Testcases\API.robot">
<test id="s1-t1" name="GetMethod" line="12">
<kw name="Set Headers" library="REST">
<arg>{ "authorization": "Bearer eyJhbGciOiJSUzI1NiIsInR5cCI6IkpXVCIsImtpZCI6Ik1EVXhSalF3UXpJMlJqQkJRa0ZGTkRFMVJrRkZSa1V5UVRkQ05VTTNOVUU1UkRBMFJFSXlSUSJ9.eyJodHRwczovL3RjZS50aWxsc3Rlci5jb20vIjp7InRpZHMiOlsiKiJdLCJzaWRzIjp7IioiOlsiKiJdfSwicm9sZXMiOlsiU3VwZXJBZG1pbiJdLCJ0ZW5hbnRDbGFpbXMiOnsiKiI6eyJyb2xlcyI6WyJTdXBlckFkbWluIl0sInBlcm1pc3Npb25zIjpbIioiXX19LCJ1c2VySWQiOiJkNThkYzBmNy0xZDNlLTRjYzctOWE4NC1lZWE3ZGMzNjVmZTQifSwiaXNzIjoiaHR0cHM6Ly90aWxsc3Rlci10Y2Utc3RhZ2UuYXV0aDAuY29tLyIsInN1YiI6IndhYWR8T0dFVFBMNTRNLTlHeGUwaWhncjJDcTVXaVRLTTJSNmtYdnY1eXE0c2NRayIsImF1ZCI6WyJodHRwczovL3N0YWdlLnRjZS50aWxsc3Rlci5jb20vdGNlLWV4cGVyaWVuY2UtYWRtaW4iLCJodHRwczovL3RpbGxzdGVyLXRjZS1zdGFnZS5hdXRoMC5jb20vdXNlcmluZm8iXSwiaWF0IjoxNjcxMjgyODc1LCJleHAiOjE2NzEzNjkyNzUsImF6cCI6Ijg2dTRuaVptc0hLWGFZTUFuS3NWMnVaSjAwYklQMTAyIiwic2NvcGUiOiJvcGVuaWQgcHJvZmlsZSBlbWFpbCIsInBlcm1pc3Npb25zIjpbXX0.zrrMMjaatPVMREZszl9KT9I6YJwcbg_ZaMyuQac7QPhQEV6oT2RblubZuM3kSRNBq3lj_7TgspIwsMcVZzdzvsgiiikUbdgyt77QbIbpnTaTwWt7XYQ2o4IPm6tn6cNQOXkxZuST88dl_3Kavx_FZAzLankHPhJciEeSMzYLhw6r4oOjlmDzgyJJGAgVhTC_H7hzB0VG6hAn8iHgttLQk4BIhJ4MKYGcHU-zWVZvTAkhwgj97AwYP7YnqlxZLJiiWxxeWsvS244_-8XWWPoBlmgC4ZdvT-Hhsme_0G4HisiTcT6-kMDjRVHq6y7UmErTRIkH3J6pvoR7rWID61sTGg","active-tenant-identifier": "8bd96089-355c-42ae-9bbc-affc55173124"}</arg>
<tag>settings</tag>
<doc>*Sets new request headers or updates the existing.*</doc>
<status status="PASS" starttime="20230102 18:40:24.322" endtime="20230102 18:40:24.322"/>
</kw>
<kw name="GET" library="REST">
<arg>/tenants/8bd96089-355c-42ae-9bbc-affc55173124/</arg>
<tag>http</tag>
<doc>*Sends a GET request to the endpoint.*</doc>
<status status="PASS" starttime="20230102 18:40:24.337" endtime="20230102 18:40:27.433"/>
</kw>
<kw name="Output" library="REST">
<arg>response status</arg>
<tag>I/O</tag>
<doc>*Outputs JSON to terminal or a file.*</doc>
<msg timestamp="20230102 18:40:27.433" level="INFO">
401</msg>
<status status="PASS" starttime="20230102 18:40:27.433" endtime="20230102 18:40:27.602"/>
</kw>
<kw name="Output" library="REST">
<var>${val}</var>
<arg>$.currency</arg>
<tag>I/O</tag>
<doc>*Outputs JSON to terminal or a file.*</doc>
<msg timestamp="20230102 18:40:27.750" level="FAIL">JSONPath query '$.currency' did not match anything.</msg>
<status status="FAIL" starttime="20230102 18:40:27.618" endtime="20230102 18:40:27.750"/>
</kw>
<kw name="Should Be Equal As Strings" library="BuiltIn">
<arg>${val}</arg>
<arg>USD</arg>
<doc>Fails if objects are unequal after converting them to strings.</doc>
<status status="NOT RUN" starttime="20230102 18:40:27.750" endtime="20230102 18:40:27.750"/>
</kw>
<status status="FAIL" starttime="20230102 18:40:24.322" endtime="20230102 18:40:27.750">JSONPath query '$.currency' did not match anything.</status>
</test>
<test id="s1-t2" name="Valid Login" line="20">
<kw name="Get Browser Driver Path" library="BrowserDriverManager">
<var>${hmm}</var>
<msg timestamp="20230102 18:40:27.765" level="INFO">====== WebDriver manager ======</msg>
<msg timestamp="20230102 18:40:31.012" level="INFO">Get LATEST chromedriver version for google-chrome 108.0.5359</msg>
<msg timestamp="20230102 18:40:32.464" level="INFO">Driver [C:\Users\Ulaganathan.M\.wdm\drivers\chromedriver\win32\108.0.5359\chromedriver.exe] found in cache</msg>
<msg timestamp="20230102 18:40:32.502" level="INFO">C:\Users\Ulaganathan.M\.wdm\drivers\chromedriver\win32\108.0.5359\chromedriver.exe</msg>
<msg timestamp="20230102 18:40:32.502" level="INFO">${hmm} = C:\Users\Ulaganathan.M\.wdm\drivers\chromedriver\win32\108.0.5359\chromedriver.exe</msg>
<status status="PASS" starttime="20230102 18:40:27.765" endtime="20230102 18:40:32.502"/>
</kw>
<kw name="Log To Console" library="BuiltIn">
<arg>${hmm}</arg>
<doc>Logs the given message to the console.</doc>
<status status="PASS" starttime="20230102 18:40:32.502" endtime="20230102 18:40:32.502"/>
</kw>
<kw name="Open Browser" library="SeleniumLibrary">
<arg>browser=Chrome</arg>
<arg>url=https://www.idp.com/india/user-signup/</arg>
<arg>executable_path=BrowserDriverManager.Get Browser Driver Path</arg>
<doc>Opens a new browser instance to the optional ``url``.</doc>
<msg timestamp="20230102 18:40:32.502" level="INFO">Opening browser 'Chrome' to base url 'https://www.idp.com/india/user-signup/'.</msg>
<status status="PASS" starttime="20230102 18:40:32.502" endtime="20230102 18:41:30.550"/>
</kw>
<kw name="Maximize Browser Window" library="SeleniumLibrary">
<doc>Maximizes current browser window.</doc>
<status status="PASS" starttime="20230102 18:41:30.550" endtime="20230102 18:41:31.333"/>
</kw>
<status status="PASS" starttime="20230102 18:40:27.765" endtime="20230102 18:41:31.334"/>
</test>
<status status="FAIL" starttime="20230102 18:40:19.320" endtime="20230102 18:41:31.336"/>
</suite>
<statistics>
<total>
<stat pass="1" fail="1" skip="0">All Tests</stat>
</total>
<tag>
</tag>
<suite>
<stat pass="1" fail="1" skip="0" id="s1" name="API">API</stat>
</suite>
</statistics>
<errors>
</errors>
</robot>
